C:\Users\roshan\Desktop\splitwise\Splitwise\Spliwise.Web\App\dist\out-tsc\e2e\src\app.po.js
C:\Users\roshan\Desktop\splitwise\Splitwise\Spliwise.Web\App\dist\out-tsc\e2e\src\app.po.js.map
C:\Users\roshan\Desktop\splitwise\Splitwise\Spliwise.Web\App\dist\out-tsc\e2e\src\app.e2e-spec.js
C:\Users\roshan\Desktop\splitwise\Splitwise\Spliwise.Web\App\dist\out-tsc\e2e\src\app.e2e-spec.js.map
C:\Users\roshan\Desktop\splitwise\Splitwise\Spliwise.Web\App\dist\out-tsc\src\app\Shared\ApplicationUserAC.js
C:\Users\roshan\Desktop\splitwise\Splitwise\Spliwise.Web\App\dist\out-tsc\src\app\Shared\ApplicationUserAC.js.map
C:\Users\roshan\Desktop\splitwise\Splitwise\Spliwise.Web\App\dist\out-tsc\src\app\Shared\Group.js
C:\Users\roshan\Desktop\splitwise\Splitwise\Spliwise.Web\App\dist\out-tsc\src\app\Shared\Group.js.map
C:\Users\roshan\Desktop\splitwise\Splitwise\Spliwise.Web\App\dist\out-tsc\src\app\Shared\FriendBillAC.js
C:\Users\roshan\Desktop\splitwise\Splitwise\Spliwise.Web\App\dist\out-tsc\src\app\Shared\FriendBillAC.js.map
C:\Users\roshan\Desktop\splitwise\Splitwise\Spliwise.Web\App\dist\out-tsc\src\app\Shared\Friend.js
C:\Users\roshan\Desktop\splitwise\Splitwise\Spliwise.Web\App\dist\out-tsc\src\app\Shared\Friend.js.map
C:\Users\roshan\Desktop\splitwise\Splitwise\Spliwise.Web\App\dist\out-tsc\src\app\Shared\Members.js
C:\Users\roshan\Desktop\splitwise\Splitwise\Spliwise.Web\App\dist\out-tsc\src\app\Shared\Members.js.map
C:\Users\roshan\Desktop\splitwise\Splitwise\Spliwise.Web\App\dist\out-tsc\src\app\Shared\FriendExpensesData.js
C:\Users\roshan\Desktop\splitwise\Splitwise\Spliwise.Web\App\dist\out-tsc\src\app\Shared\FriendExpensesData.js.map
C:\Users\roshan\Desktop\splitwise\Splitwise\Spliwise.Web\App\dist\out-tsc\src\app\Shared\Category.js
C:\Users\roshan\Desktop\splitwise\Splitwise\Spliwise.Web\App\dist\out-tsc\src\app\Shared\Category.js.map
C:\Users\roshan\Desktop\splitwise\Splitwise\Spliwise.Web\App\dist\out-tsc\src\app\Shared\GroupMembersAC.js
C:\Users\roshan\Desktop\splitwise\Splitwise\Spliwise.Web\App\dist\out-tsc\src\app\Shared\GroupMembersAC.js.map
C:\Users\roshan\Desktop\splitwise\Splitwise\Spliwise.Web\App\dist\out-tsc\src\app\Shared\GroupMemberDetailsAC.js
C:\Users\roshan\Desktop\splitwise\Splitwise\Spliwise.Web\App\dist\out-tsc\src\app\Shared\GroupMemberDetailsAC.js.map
C:\Users\roshan\Desktop\splitwise\Splitwise\Spliwise.Web\App\dist\out-tsc\src\app\Shared\GroupExpenseData.js
C:\Users\roshan\Desktop\splitwise\Splitwise\Spliwise.Web\App\dist\out-tsc\src\app\Shared\GroupExpenseData.js.map
C:\Users\roshan\Desktop\splitwise\Splitwise\Spliwise.Web\App\dist\out-tsc\src\app\Shared\GroupExpenseAC.js
C:\Users\roshan\Desktop\splitwise\Splitwise\Spliwise.Web\App\dist\out-tsc\src\app\Shared\GroupExpenseAC.js.map
C:\Users\roshan\Desktop\splitwise\Splitwise\Spliwise.Web\App\dist\out-tsc\src\app\Shared\SettlementData.js
C:\Users\roshan\Desktop\splitwise\Splitwise\Spliwise.Web\App\dist\out-tsc\src\app\Shared\SettlementData.js.map
C:\Users\roshan\Desktop\splitwise\Splitwise\Spliwise.Web\App\dist\out-tsc\src\app\settlement\settlement\settlement.component.js
C:\Users\roshan\Desktop\splitwise\Splitwise\Spliwise.Web\App\dist\out-tsc\src\app\settlement\settlement\settlement.component.js.map
C:\Users\roshan\Desktop\splitwise\Splitwise\Spliwise.Web\App\dist\out-tsc\src\app\settlement\settlement-routing.module.js
C:\Users\roshan\Desktop\splitwise\Splitwise\Spliwise.Web\App\dist\out-tsc\src\app\settlement\settlement-routing.module.js.map
C:\Users\roshan\Desktop\splitwise\Splitwise\Spliwise.Web\App\dist\out-tsc\src\app\settlement\settlement.module.js
C:\Users\roshan\Desktop\splitwise\Splitwise\Spliwise.Web\App\dist\out-tsc\src\app\settlement\settlement.module.js.map
C:\Users\roshan\Desktop\splitwise\Splitwise\Spliwise.Web\App\dist\out-tsc\src\app\Shared\Activity.js
C:\Users\roshan\Desktop\splitwise\Splitwise\Spliwise.Web\App\dist\out-tsc\src\app\Shared\Activity.js.map
C:\Users\roshan\Desktop\splitwise\Splitwise\Spliwise.Web\App\dist\out-tsc\src\app\user\user-service.service.js
C:\Users\roshan\Desktop\splitwise\Splitwise\Spliwise.Web\App\dist\out-tsc\src\app\user\user-service.service.js.map
C:\Users\roshan\Desktop\splitwise\Splitwise\Spliwise.Web\App\dist\out-tsc\src\app\user\show-details\show-details.component.js
C:\Users\roshan\Desktop\splitwise\Splitwise\Spliwise.Web\App\dist\out-tsc\src\app\user\show-details\show-details.component.js.map
C:\Users\roshan\Desktop\splitwise\Splitwise\Spliwise.Web\App\dist\out-tsc\src\app\user\add-friend\add-friend.component.js
C:\Users\roshan\Desktop\splitwise\Splitwise\Spliwise.Web\App\dist\out-tsc\src\app\user\add-friend\add-friend.component.js.map
C:\Users\roshan\Desktop\splitwise\Splitwise\Spliwise.Web\App\dist\out-tsc\src\app\user\add-friend-expense\add-friend-expense.component.js
C:\Users\roshan\Desktop\splitwise\Splitwise\Spliwise.Web\App\dist\out-tsc\src\app\user\add-friend-expense\add-friend-expense.component.js.map
C:\Users\roshan\Desktop\splitwise\Splitwise\Spliwise.Web\App\dist\out-tsc\src\app\user\show-friend-detail\show-friend-detail.component.js
C:\Users\roshan\Desktop\splitwise\Splitwise\Spliwise.Web\App\dist\out-tsc\src\app\user\show-friend-detail\show-friend-detail.component.js.map
C:\Users\roshan\Desktop\splitwise\Splitwise\Spliwise.Web\App\dist\out-tsc\src\app\user\activity\activity.component.js
C:\Users\roshan\Desktop\splitwise\Splitwise\Spliwise.Web\App\dist\out-tsc\src\app\user\activity\activity.component.js.map
C:\Users\roshan\Desktop\splitwise\Splitwise\Spliwise.Web\App\dist\out-tsc\src\app\user\user-routing.module.js
C:\Users\roshan\Desktop\splitwise\Splitwise\Spliwise.Web\App\dist\out-tsc\src\app\user\user-routing.module.js.map
C:\Users\roshan\Desktop\splitwise\Splitwise\Spliwise.Web\App\dist\out-tsc\src\app\user\edit-user\edit-user.component.js
C:\Users\roshan\Desktop\splitwise\Splitwise\Spliwise.Web\App\dist\out-tsc\src\app\user\edit-user\edit-user.component.js.map
C:\Users\roshan\Desktop\splitwise\Splitwise\Spliwise.Web\App\dist\out-tsc\src\app\user\user.module.js
C:\Users\roshan\Desktop\splitwise\Splitwise\Spliwise.Web\App\dist\out-tsc\src\app\user\user.module.js.map
C:\Users\roshan\Desktop\splitwise\Splitwise\Spliwise.Web\App\dist\out-tsc\src\app\group\add-group\add-group.component.js
C:\Users\roshan\Desktop\splitwise\Splitwise\Spliwise.Web\App\dist\out-tsc\src\app\group\add-group\add-group.component.js.map
C:\Users\roshan\Desktop\splitwise\Splitwise\Spliwise.Web\App\dist\out-tsc\src\app\Shared\GroupMembers.js
C:\Users\roshan\Desktop\splitwise\Splitwise\Spliwise.Web\App\dist\out-tsc\src\app\Shared\GroupMembers.js.map
C:\Users\roshan\Desktop\splitwise\Splitwise\Spliwise.Web\App\dist\out-tsc\src\app\group\add-members\add-members.component.js
C:\Users\roshan\Desktop\splitwise\Splitwise\Spliwise.Web\App\dist\out-tsc\src\app\group\add-members\add-members.component.js.map
C:\Users\roshan\Desktop\splitwise\Splitwise\Spliwise.Web\App\dist\out-tsc\src\app\group\add-group-expense\add-group-expense.component.js
C:\Users\roshan\Desktop\splitwise\Splitwise\Spliwise.Web\App\dist\out-tsc\src\app\group\add-group-expense\add-group-expense.component.js.map
C:\Users\roshan\Desktop\splitwise\Splitwise\Spliwise.Web\App\dist\out-tsc\src\app\group\group-dashboard\group-dashboard.component.js
C:\Users\roshan\Desktop\splitwise\Splitwise\Spliwise.Web\App\dist\out-tsc\src\app\group\group-dashboard\group-dashboard.component.js.map
C:\Users\roshan\Desktop\splitwise\Splitwise\Spliwise.Web\App\dist\out-tsc\src\app\group\showmembers\showmembers.component.js
C:\Users\roshan\Desktop\splitwise\Splitwise\Spliwise.Web\App\dist\out-tsc\src\app\group\showmembers\showmembers.component.js.map
C:\Users\roshan\Desktop\splitwise\Splitwise\Spliwise.Web\App\dist\out-tsc\src\app\group\edit-expense\edit-expense.component.js
C:\Users\roshan\Desktop\splitwise\Splitwise\Spliwise.Web\App\dist\out-tsc\src\app\group\edit-expense\edit-expense.component.js.map
C:\Users\roshan\Desktop\splitwise\Splitwise\Spliwise.Web\App\dist\out-tsc\src\app\group\group-routing.module.js
C:\Users\roshan\Desktop\splitwise\Splitwise\Spliwise.Web\App\dist\out-tsc\src\app\group\group-routing.module.js.map
C:\Users\roshan\Desktop\splitwise\Splitwise\Spliwise.Web\App\dist\out-tsc\src\app\group\group.module.js
C:\Users\roshan\Desktop\splitwise\Splitwise\Spliwise.Web\App\dist\out-tsc\src\app\group\group.module.js.map
C:\Users\roshan\Desktop\splitwise\Splitwise\Spliwise.Web\App\dist\out-tsc\src\app\app-routing.module.js
C:\Users\roshan\Desktop\splitwise\Splitwise\Spliwise.Web\App\dist\out-tsc\src\app\app-routing.module.js.map
C:\Users\roshan\Desktop\splitwise\Splitwise\Spliwise.Web\App\dist\out-tsc\src\app\app.component.js
C:\Users\roshan\Desktop\splitwise\Splitwise\Spliwise.Web\App\dist\out-tsc\src\app\app.component.js.map
C:\Users\roshan\Desktop\splitwise\Splitwise\Spliwise.Web\App\dist\out-tsc\src\app\app.module.js
C:\Users\roshan\Desktop\splitwise\Splitwise\Spliwise.Web\App\dist\out-tsc\src\app\app.module.js.map
C:\Users\roshan\Desktop\splitwise\Splitwise\Spliwise.Web\App\dist\out-tsc\src\environments\environment.js
C:\Users\roshan\Desktop\splitwise\Splitwise\Spliwise.Web\App\dist\out-tsc\src\environments\environment.js.map
C:\Users\roshan\Desktop\splitwise\Splitwise\Spliwise.Web\App\dist\out-tsc\src\main.js
C:\Users\roshan\Desktop\splitwise\Splitwise\Spliwise.Web\App\dist\out-tsc\src\main.js.map
C:\Users\roshan\Desktop\splitwise\Splitwise\Spliwise.Web\App\dist\out-tsc\src\polyfills.js
C:\Users\roshan\Desktop\splitwise\Splitwise\Spliwise.Web\App\dist\out-tsc\src\polyfills.js.map
C:\Users\roshan\Desktop\splitwise\Splitwise\Spliwise.Web\App\dist\out-tsc\src\test.js
C:\Users\roshan\Desktop\splitwise\Splitwise\Spliwise.Web\App\dist\out-tsc\src\test.js.map
C:\Users\roshan\Desktop\splitwise\Splitwise\Spliwise.Web\App\dist\out-tsc\src\app\app.component.spec.js
C:\Users\roshan\Desktop\splitwise\Splitwise\Spliwise.Web\App\dist\out-tsc\src\app\app.component.spec.js.map
C:\Users\roshan\Desktop\splitwise\Splitwise\Spliwise.Web\App\dist\out-tsc\src\app\Shared\Dictionary.js
C:\Users\roshan\Desktop\splitwise\Splitwise\Spliwise.Web\App\dist\out-tsc\src\app\Shared\Dictionary.js.map
C:\Users\roshan\Desktop\splitwise\Splitwise\Spliwise.Web\App\dist\out-tsc\src\app\user\user-service.service.spec.js
C:\Users\roshan\Desktop\splitwise\Splitwise\Spliwise.Web\App\dist\out-tsc\src\app\user\user-service.service.spec.js.map
C:\Users\roshan\Desktop\splitwise\Splitwise\Spliwise.Web\App\dist\out-tsc\src\app\user\add-friend\add-friend.component.spec.js
C:\Users\roshan\Desktop\splitwise\Splitwise\Spliwise.Web\App\dist\out-tsc\src\app\user\add-friend\add-friend.component.spec.js.map
C:\Users\roshan\Desktop\splitwise\Splitwise\Spliwise.Web\App\dist\out-tsc\src\app\user\add-friend-expense\add-friend-expense.component.spec.js
C:\Users\roshan\Desktop\splitwise\Splitwise\Spliwise.Web\App\dist\out-tsc\src\app\user\add-friend-expense\add-friend-expense.component.spec.js.map
C:\Users\roshan\Desktop\splitwise\Splitwise\Spliwise.Web\App\dist\out-tsc\src\app\user\edit-user\edit-user.component.spec.js
C:\Users\roshan\Desktop\splitwise\Splitwise\Spliwise.Web\App\dist\out-tsc\src\app\user\edit-user\edit-user.component.spec.js.map
C:\Users\roshan\Desktop\splitwise\Splitwise\Spliwise.Web\App\dist\out-tsc\src\app\user\show-details\show-details.component.spec.js
C:\Users\roshan\Desktop\splitwise\Splitwise\Spliwise.Web\App\dist\out-tsc\src\app\user\show-details\show-details.component.spec.js.map
C:\Users\roshan\Desktop\splitwise\Splitwise\Spliwise.Web\App\dist\out-tsc\src\app\user\show-friend-detail\show-friend-detail.component.spec.js
C:\Users\roshan\Desktop\splitwise\Splitwise\Spliwise.Web\App\dist\out-tsc\src\app\user\show-friend-detail\show-friend-detail.component.spec.js.map
C:\Users\roshan\Desktop\splitwise\Splitwise\Spliwise.Web\App\dist\out-tsc\src\environments\environment.prod.js
C:\Users\roshan\Desktop\splitwise\Splitwise\Spliwise.Web\App\dist\out-tsc\src\environments\environment.prod.js.map
